<?xml version="1.0" encoding="UTF-8"?>
<testsuite name="com.example.rps.game.RoundTimerTest" tests="2" skipped="0" failures="0" errors="0" timestamp="2026-02-13T06:42:12" hostname="MacBook-Pro-Kirill.local" time="0.002">
  <properties/>
  <testcase name="ignoresRejectedExecutionOnShutdown()" classname="com.example.rps.game.RoundTimerTest" time="0.001"/>
  <testcase name="schedulesTask()" classname="com.example.rps.game.RoundTimerTest" time="0.0"/>
  <system-out><![CDATA[]]></system-out>
  <system-err><![CDATA[]]></system-err>
</testsuite>
