<?xml version="1.0" encoding="UTF-8"?>
<testsuite name="com.example.rps.game.RpsEngineTest" tests="3" skipped="0" failures="0" errors="0" timestamp="2026-02-13T06:42:12" hostname="MacBook-Pro-Kirill.local" time="0.001">
  <properties/>
  <testcase name="paperLosesToScissors()" classname="com.example.rps.game.RpsEngineTest" time="0.0"/>
  <testcase name="rockBeatsScissors()" classname="com.example.rps.game.RpsEngineTest" time="0.001"/>
  <testcase name="drawWhenSame()" classname="com.example.rps.game.RpsEngineTest" time="0.0"/>
  <system-out><![CDATA[]]></system-out>
  <system-err><![CDATA[]]></system-err>
</testsuite>
