<?xml version="1.0" encoding="UTF-8"?>
<testsuite name="com.example.rps.net.RpsServerHandlerTest" tests="3" skipped="0" failures="0" errors="0" timestamp="2026-02-13T09:21:00" hostname="MacBook-Pro-Kirill.local" time="0.029">
  <properties/>
  <testcase name="restoresSessionWhenProvided()" classname="com.example.rps.net.RpsServerHandlerTest" time="0.023"/>
  <testcase name="createsSessionOnNickname()" classname="com.example.rps.net.RpsServerHandlerTest" time="0.003"/>
  <testcase name="greetsOnConnect()" classname="com.example.rps.net.RpsServerHandlerTest" time="0.001"/>
  <system-out><![CDATA[]]></system-out>
  <system-err><![CDATA[]]></system-err>
</testsuite>
