<?xml version="1.0" encoding="UTF-8"?>
<testsuite name="com.example.rps.session.SessionManagerTest" tests="2" skipped="0" failures="0" errors="0" timestamp="2026-02-13T06:42:12" hostname="MacBook-Pro-Kirill.local" time="0.053">
  <properties/>
  <testcase name="disconnectRemovesFromWaitingQueue()" classname="com.example.rps.session.SessionManagerTest" time="0.001"/>
  <testcase name="expiresSessionAfterReconnectWindow()" classname="com.example.rps.session.SessionManagerTest" time="0.051"/>
  <system-out><![CDATA[]]></system-out>
  <system-err><![CDATA[]]></system-err>
</testsuite>
